2026-04-15 08:44:33,519 p=2709 u=ubuntu n=ansible | pay-web01 | UNREACHABLE! => {
    "changed": false,
    "msg": "Failed to connect to the host via ssh: ssh: connect to host 172.31.24.75 port 22: Connection timed out",
    "unreachable": true
}
2026-04-15 08:44:33,527 p=2709 u=ubuntu n=ansible | pay-web02 | UNREACHABLE! => {
    "changed": false,
    "msg": "Failed to connect to the host via ssh: ssh: connect to host 172.31.21.190 port 22: Connection timed out",
    "unreachable": true
}
2026-04-15 08:44:33,535 p=2709 u=ubuntu n=ansible | pay-web03 | UNREACHABLE! => {
    "changed": false,
    "msg": "Failed to connect to the host via ssh: ssh: connect to host 172.31.26.252 port 22: Connection timed out",
    "unreachable": true
}
2026-04-15 08:44:33,540 p=2709 u=ubuntu n=ansible | pay-db01 | UNREACHABLE! => {
    "changed": false,
    "msg": "Failed to connect to the host via ssh: ssh: connect to host 172.31.18.48 port 22: Connection timed out",
    "unreachable": true
}
2026-04-15 08:49:26,814 p=2720 u=ubuntu n=ansible | pay-web01 | UNREACHABLE! => {
    "changed": false,
    "msg": "Failed to connect to the host via ssh: ssh: connect to host 172.31.24.75 port 22: Connection timed out",
    "unreachable": true
}
2026-04-15 08:49:26,853 p=2720 u=ubuntu n=ansible | pay-web02 | UNREACHABLE! => {
    "changed": false,
    "msg": "Failed to connect to the host via ssh: ssh: connect to host 172.31.21.190 port 22: Connection timed out",
    "unreachable": true
}
2026-04-15 08:49:26,858 p=2720 u=ubuntu n=ansible | pay-db01 | UNREACHABLE! => {
    "changed": false,
    "msg": "Failed to connect to the host via ssh: ssh: connect to host 172.31.18.48 port 22: Connection timed out",
    "unreachable": true
}
2026-04-15 08:49:26,867 p=2720 u=ubuntu n=ansible | pay-web03 | UNREACHABLE! => {
    "changed": false,
    "msg": "Failed to connect to the host via ssh: ssh: connect to host 172.31.26.252 port 22: Connection timed out",
    "unreachable": true
}
2026-04-15 09:05:30,060 p=2737 u=ubuntu n=ansible | pay-web02 | UNREACHABLE! => {
    "changed": false,
    "msg": "Failed to connect to the host via ssh: ssh: connect to host 172.31.21.190 port 22: Connection timed out",
    "unreachable": true
}
2026-04-15 09:05:30,061 p=2737 u=ubuntu n=ansible | pay-web01 | UNREACHABLE! => {
    "changed": false,
    "msg": "Failed to connect to the host via ssh: ssh: connect to host 172.31.24.75 port 22: Connection timed out",
    "unreachable": true
}
2026-04-15 09:05:30,071 p=2737 u=ubuntu n=ansible | pay-web03 | UNREACHABLE! => {
    "changed": false,
    "msg": "Failed to connect to the host via ssh: ssh: connect to host 172.31.26.252 port 22: Connection timed out",
    "unreachable": true
}
2026-04-15 09:05:30,078 p=2737 u=ubuntu n=ansible | pay-db01 | UNREACHABLE! => {
    "changed": false,
    "msg": "Failed to connect to the host via ssh: ssh: connect to host 172.31.18.48 port 22: Connection timed out",
    "unreachable": true
}
2026-04-15 09:07:36,274 p=2748 u=ubuntu n=ansible | pay-db01 | UNREACHABLE! => {
    "changed": false,
    "msg": "Failed to connect to the host via ssh: ssh: connect to host 172.31.18.48 port 22: Connection timed out",
    "unreachable": true
}
2026-04-15 09:07:36,293 p=2748 u=ubuntu n=ansible | pay-web02 | UNREACHABLE! => {
    "changed": false,
    "msg": "Failed to connect to the host via ssh: ssh: connect to host 172.31.21.190 port 22: Connection timed out",
    "unreachable": true
}
2026-04-15 09:07:36,294 p=2748 u=ubuntu n=ansible | pay-web01 | UNREACHABLE! => {
    "changed": false,
    "msg": "Failed to connect to the host via ssh: ssh: connect to host 172.31.24.75 port 22: Connection timed out",
    "unreachable": true
}
2026-04-15 09:07:36,302 p=2748 u=ubuntu n=ansible | pay-web03 | UNREACHABLE! => {
    "changed": false,
    "msg": "Failed to connect to the host via ssh: ssh: connect to host 172.31.26.252 port 22: Connection timed out",
    "unreachable": true
}
2026-04-15 09:12:34,168 p=2760 u=ubuntu n=ansible | pay-db01 | UNREACHABLE! => {
    "changed": false,
    "msg": "Failed to connect to the host via ssh: Warning: Permanently added '172.31.18.48' (ED25519) to the list of known hosts.\r\nec2-user@172.31.18.48: Permission denied (publickey,gssapi-keyex,gssapi-with-mic).",
    "unreachable": true
}
2026-04-15 09:12:34,183 p=2760 u=ubuntu n=ansible | pay-web03 | UNREACHABLE! => {
    "changed": false,
    "msg": "Failed to connect to the host via ssh: Warning: Permanently added '172.31.26.252' (ED25519) to the list of known hosts.\r\nubuntu@172.31.26.252: Permission denied (publickey).",
    "unreachable": true
}
2026-04-15 09:12:34,192 p=2760 u=ubuntu n=ansible | pay-web01 | UNREACHABLE! => {
    "changed": false,
    "msg": "Failed to connect to the host via ssh: Warning: Permanently added '172.31.24.75' (ED25519) to the list of known hosts.\r\nec2-user@172.31.24.75: Permission denied (publickey,gssapi-keyex,gssapi-with-mic).",
    "unreachable": true
}
2026-04-15 09:12:34,211 p=2760 u=ubuntu n=ansible | pay-web02 | UNREACHABLE! => {
    "changed": false,
    "msg": "Failed to connect to the host via ssh: Warning: Permanently added '172.31.21.190' (ED25519) to the list of known hosts.\r\nec2-user@172.31.21.190: Permission denied (publickey,gssapi-keyex,gssapi-with-mic).",
    "unreachable": true
}
2026-04-15 09:14:34,252 p=2772 u=ubuntu n=ansible | pay-db01 | UNREACHABLE! => {
    "changed": false,
    "msg": "Failed to connect to the host via ssh: no such identity: ./target-key.pem: No such file or directory\r\nec2-user@172.31.18.48: Permission denied (publickey,gssapi-keyex,gssapi-with-mic).",
    "unreachable": true
}
2026-04-15 09:14:34,267 p=2772 u=ubuntu n=ansible | pay-web02 | UNREACHABLE! => {
    "changed": false,
    "msg": "Failed to connect to the host via ssh: no such identity: ./target-key.pem: No such file or directory\r\nec2-user@172.31.21.190: Permission denied (publickey,gssapi-keyex,gssapi-with-mic).",
    "unreachable": true
}
2026-04-15 09:14:34,278 p=2772 u=ubuntu n=ansible | pay-web01 | UNREACHABLE! => {
    "changed": false,
    "msg": "Failed to connect to the host via ssh: no such identity: ./target-key.pem: No such file or directory\r\nec2-user@172.31.24.75: Permission denied (publickey,gssapi-keyex,gssapi-with-mic).",
    "unreachable": true
}
2026-04-15 09:14:34,316 p=2772 u=ubuntu n=ansible | pay-web03 | UNREACHABLE! => {
    "changed": false,
    "msg": "Failed to connect to the host via ssh: no such identity: ./target-key.pem: No such file or directory\r\nubuntu@172.31.26.252: Permission denied (publickey).",
    "unreachable": true
}
2026-04-15 09:17:21,992 p=2788 u=ubuntu n=ansible | pay-web01 | UNREACHABLE! => {
    "changed": false,
    "msg": "Failed to connect to the host via ssh: no such identity: /home/ubuntu/Downloads/target-key.pem: No such file or directory\r\nec2-user@172.31.24.75: Permission denied (publickey,gssapi-keyex,gssapi-with-mic).",
    "unreachable": true
}
2026-04-15 09:17:21,994 p=2788 u=ubuntu n=ansible | pay-db01 | UNREACHABLE! => {
    "changed": false,
    "msg": "Failed to connect to the host via ssh: no such identity: /home/ubuntu/Downloads/target-key.pem: No such file or directory\r\nec2-user@172.31.18.48: Permission denied (publickey,gssapi-keyex,gssapi-with-mic).",
    "unreachable": true
}
2026-04-15 09:17:22,004 p=2788 u=ubuntu n=ansible | pay-web03 | UNREACHABLE! => {
    "changed": false,
    "msg": "Failed to connect to the host via ssh: no such identity: /home/ubuntu/Downloads/target-key.pem: No such file or directory\r\nubuntu@172.31.26.252: Permission denied (publickey).",
    "unreachable": true
}
2026-04-15 09:17:22,008 p=2788 u=ubuntu n=ansible | pay-web02 | UNREACHABLE! => {
    "changed": false,
    "msg": "Failed to connect to the host via ssh: no such identity: /home/ubuntu/Downloads/target-key.pem: No such file or directory\r\nec2-user@172.31.21.190: Permission denied (publickey,gssapi-keyex,gssapi-with-mic).",
    "unreachable": true
}
2026-04-15 09:19:49,424 p=2801 u=ubuntu n=ansible | pay-db01 | UNREACHABLE! => {
    "changed": false,
    "msg": "Failed to connect to the host via ssh: no such identity: /home/ubuntu/home/rhodayo/Downloads/target-key.pem: No such file or directory\r\nec2-user@172.31.18.48: Permission denied (publickey,gssapi-keyex,gssapi-with-mic).",
    "unreachable": true
}
2026-04-15 09:19:49,439 p=2801 u=ubuntu n=ansible | pay-web03 | UNREACHABLE! => {
    "changed": false,
    "msg": "Failed to connect to the host via ssh: no such identity: /home/ubuntu/home/rhodayo/Downloads/target-key.pem: No such file or directory\r\nubuntu@172.31.26.252: Permission denied (publickey).",
    "unreachable": true
}
2026-04-15 09:19:49,442 p=2801 u=ubuntu n=ansible | pay-web02 | UNREACHABLE! => {
    "changed": false,
    "msg": "Failed to connect to the host via ssh: no such identity: /home/ubuntu/home/rhodayo/Downloads/target-key.pem: No such file or directory\r\nec2-user@172.31.21.190: Permission denied (publickey,gssapi-keyex,gssapi-with-mic).",
    "unreachable": true
}
2026-04-15 09:19:49,445 p=2801 u=ubuntu n=ansible | pay-web01 | UNREACHABLE! => {
    "changed": false,
    "msg": "Failed to connect to the host via ssh: no such identity: /home/ubuntu/home/rhodayo/Downloads/target-key.pem: No such file or directory\r\nec2-user@172.31.24.75: Permission denied (publickey,gssapi-keyex,gssapi-with-mic).",
    "unreachable": true
}
2026-04-15 09:20:32,802 p=2813 u=ubuntu n=ansible | pay-db01 | UNREACHABLE! => {
    "changed": false,
    "msg": "Failed to connect to the host via ssh: no such identity: /home/rhodayo/Downloads/target-key.pem: No such file or directory\r\nec2-user@172.31.18.48: Permission denied (publickey,gssapi-keyex,gssapi-with-mic).",
    "unreachable": true
}
2026-04-15 09:20:32,818 p=2813 u=ubuntu n=ansible | pay-web02 | UNREACHABLE! => {
    "changed": false,
    "msg": "Failed to connect to the host via ssh: no such identity: /home/rhodayo/Downloads/target-key.pem: No such file or directory\r\nec2-user@172.31.21.190: Permission denied (publickey,gssapi-keyex,gssapi-with-mic).",
    "unreachable": true
}
2026-04-15 09:20:32,820 p=2813 u=ubuntu n=ansible | pay-web01 | UNREACHABLE! => {
    "changed": false,
    "msg": "Failed to connect to the host via ssh: no such identity: /home/rhodayo/Downloads/target-key.pem: No such file or directory\r\nec2-user@172.31.24.75: Permission denied (publickey,gssapi-keyex,gssapi-with-mic).",
    "unreachable": true
}
2026-04-15 09:20:32,860 p=2813 u=ubuntu n=ansible | pay-web03 | UNREACHABLE! => {
    "changed": false,
    "msg": "Failed to connect to the host via ssh: no such identity: /home/rhodayo/Downloads/target-key.pem: No such file or directory\r\nubuntu@172.31.26.252: Permission denied (publickey).",
    "unreachable": true
}
2026-04-15 09:21:11,073 p=2824 u=ubuntu n=ansible | pay-web01 | UNREACHABLE! => {
    "changed": false,
    "msg": "Failed to connect to the host via ssh: no such identity: /home/rhodayo/Downloads/target-key.pem: No such file or directory\r\nec2-user@172.31.24.75: Permission denied (publickey,gssapi-keyex,gssapi-with-mic).",
    "unreachable": true
}
2026-04-15 09:21:11,073 p=2824 u=ubuntu n=ansible | pay-web02 | UNREACHABLE! => {
    "changed": false,
    "msg": "Failed to connect to the host via ssh: no such identity: /home/rhodayo/Downloads/target-key.pem: No such file or directory\r\nec2-user@172.31.21.190: Permission denied (publickey,gssapi-keyex,gssapi-with-mic).",
    "unreachable": true
}
2026-04-15 09:21:11,080 p=2824 u=ubuntu n=ansible | pay-db01 | UNREACHABLE! => {
    "changed": false,
    "msg": "Failed to connect to the host via ssh: no such identity: /home/rhodayo/Downloads/target-key.pem: No such file or directory\r\nec2-user@172.31.18.48: Permission denied (publickey,gssapi-keyex,gssapi-with-mic).",
    "unreachable": true
}
2026-04-15 09:21:11,083 p=2824 u=ubuntu n=ansible | pay-web03 | UNREACHABLE! => {
    "changed": false,
    "msg": "Failed to connect to the host via ssh: no such identity: /home/rhodayo/Downloads/target-key.pem: No such file or directory\r\nubuntu@172.31.26.252: Permission denied (publickey).",
    "unreachable": true
}
2026-04-15 09:36:54,564 p=3334 u=ubuntu n=ansible | pay-db01 | UNREACHABLE! => {
    "changed": false,
    "msg": "Failed to connect to the host via ssh: no such identity: /home/rhodayo/Downloads/target-key.pem: No such file or directory\r\nec2-user@172.31.18.48: Permission denied (publickey,gssapi-keyex,gssapi-with-mic).",
    "unreachable": true
}
2026-04-15 09:36:54,567 p=3334 u=ubuntu n=ansible | pay-web03 | UNREACHABLE! => {
    "changed": false,
    "msg": "Failed to connect to the host via ssh: no such identity: /home/rhodayo/Downloads/target-key.pem: No such file or directory\r\nubuntu@172.31.26.252: Permission denied (publickey).",
    "unreachable": true
}
2026-04-15 09:36:54,571 p=3334 u=ubuntu n=ansible | pay-web01 | UNREACHABLE! => {
    "changed": false,
    "msg": "Failed to connect to the host via ssh: no such identity: /home/rhodayo/Downloads/target-key.pem: No such file or directory\r\nec2-user@172.31.24.75: Permission denied (publickey,gssapi-keyex,gssapi-with-mic).",
    "unreachable": true
}
2026-04-15 09:36:54,580 p=3334 u=ubuntu n=ansible | pay-web02 | UNREACHABLE! => {
    "changed": false,
    "msg": "Failed to connect to the host via ssh: no such identity: /home/rhodayo/Downloads/target-key.pem: No such file or directory\r\nec2-user@172.31.21.190: Permission denied (publickey,gssapi-keyex,gssapi-with-mic).",
    "unreachable": true
}
2026-04-15 09:37:57,242 p=3345 u=ubuntu n=ansible | pay-db01 | UNREACHABLE! => {
    "changed": false,
    "msg": "Failed to connect to the host via ssh: no such identity: /home/rhodayo/Downloads/target-key.pem: No such file or directory\r\nec2-user@172.31.18.48: Permission denied (publickey,gssapi-keyex,gssapi-with-mic).",
    "unreachable": true
}
2026-04-15 09:37:57,259 p=3345 u=ubuntu n=ansible | pay-web02 | UNREACHABLE! => {
    "changed": false,
    "msg": "Failed to connect to the host via ssh: no such identity: /home/rhodayo/Downloads/target-key.pem: No such file or directory\r\nec2-user@172.31.21.190: Permission denied (publickey,gssapi-keyex,gssapi-with-mic).",
    "unreachable": true
}
2026-04-15 09:37:57,260 p=3345 u=ubuntu n=ansible | pay-web01 | UNREACHABLE! => {
    "changed": false,
    "msg": "Failed to connect to the host via ssh: no such identity: /home/rhodayo/Downloads/target-key.pem: No such file or directory\r\nec2-user@172.31.24.75: Permission denied (publickey,gssapi-keyex,gssapi-with-mic).",
    "unreachable": true
}
2026-04-15 09:37:57,265 p=3345 u=ubuntu n=ansible | pay-web03 | UNREACHABLE! => {
    "changed": false,
    "msg": "Failed to connect to the host via ssh: no such identity: /home/rhodayo/Downloads/target-key.pem: No such file or directory\r\nubuntu@172.31.26.252: Permission denied (publickey).",
    "unreachable": true
}
2026-04-15 09:39:08,592 p=3361 u=ubuntu n=ansible | pay-web01 | UNREACHABLE! => {
    "changed": false,
    "msg": "Failed to connect to the host via ssh: Load key \"/home/ubuntu/target-key.pem\": error in libcrypto\r\nec2-user@172.31.24.75: Permission denied (publickey,gssapi-keyex,gssapi-with-mic).",
    "unreachable": true
}
2026-04-15 09:39:08,603 p=3361 u=ubuntu n=ansible | pay-web02 | UNREACHABLE! => {
    "changed": false,
    "msg": "Failed to connect to the host via ssh: Load key \"/home/ubuntu/target-key.pem\": error in libcrypto\r\nec2-user@172.31.21.190: Permission denied (publickey,gssapi-keyex,gssapi-with-mic).",
    "unreachable": true
}
2026-04-15 09:39:08,604 p=3361 u=ubuntu n=ansible | pay-web03 | UNREACHABLE! => {
    "changed": false,
    "msg": "Failed to connect to the host via ssh: Load key \"/home/ubuntu/target-key.pem\": error in libcrypto\r\nubuntu@172.31.26.252: Permission denied (publickey).",
    "unreachable": true
}
2026-04-15 09:39:08,606 p=3361 u=ubuntu n=ansible | pay-db01 | UNREACHABLE! => {
    "changed": false,
    "msg": "Failed to connect to the host via ssh: Load key \"/home/ubuntu/target-key.pem\": error in libcrypto\r\nec2-user@172.31.18.48: Permission denied (publickey,gssapi-keyex,gssapi-with-mic).",
    "unreachable": true
}
2026-04-15 09:39:37,247 p=3373 u=ubuntu n=ansible | [WARNING]: Platform linux on host pay-db01 is using the discovered Python interpreter at
/usr/bin/python3.9, but future installation of another Python interpreter could change the
meaning of that path. See https://docs.ansible.com/ansible-
core/2.17/reference_appendices/interpreter_discovery.html for more information.

2026-04-15 09:39:37,248 p=3373 u=ubuntu n=ansible | pay-db01 | SUCCESS => {
    "ansible_facts": {
        "discovered_interpreter_python": "/usr/bin/python3.9"
    },
    "changed": false,
    "ping": "pong"
}
2026-04-15 09:39:37,253 p=3373 u=ubuntu n=ansible | [WARNING]: Platform linux on host pay-web01 is using the discovered Python interpreter at
/usr/bin/python3.9, but future installation of another Python interpreter could change the
meaning of that path. See https://docs.ansible.com/ansible-
core/2.17/reference_appendices/interpreter_discovery.html for more information.

2026-04-15 09:39:37,253 p=3373 u=ubuntu n=ansible | pay-web01 | SUCCESS => {
    "ansible_facts": {
        "discovered_interpreter_python": "/usr/bin/python3.9"
    },
    "changed": false,
    "ping": "pong"
}
2026-04-15 09:39:37,254 p=3373 u=ubuntu n=ansible | [WARNING]: Platform linux on host pay-web02 is using the discovered Python interpreter at
/usr/bin/python3.9, but future installation of another Python interpreter could change the
meaning of that path. See https://docs.ansible.com/ansible-
core/2.17/reference_appendices/interpreter_discovery.html for more information.

2026-04-15 09:39:37,255 p=3373 u=ubuntu n=ansible | pay-web02 | SUCCESS => {
    "ansible_facts": {
        "discovered_interpreter_python": "/usr/bin/python3.9"
    },
    "changed": false,
    "ping": "pong"
}
2026-04-15 09:39:37,380 p=3373 u=ubuntu n=ansible | [WARNING]: Platform linux on host pay-web03 is using the discovered Python interpreter at
/usr/bin/python3.10, but future installation of another Python interpreter could change the
meaning of that path. See https://docs.ansible.com/ansible-
core/2.17/reference_appendices/interpreter_discovery.html for more information.

2026-04-15 09:39:37,381 p=3373 u=ubuntu n=ansible | pay-web03 | SUCCESS => {
    "ansible_facts": {
        "discovered_interpreter_python": "/usr/bin/python3.10"
    },
    "changed": false,
    "ping": "pong"
}
